
[1] signal 15: Terminated
in expression starting at /api/api.jl:29
unknown function (ip: 0x7fea1085a9ec) at /lib/x86_64-linux-gnu/libc.so.6
unknown function (ip: 0x7fea1084f667) at /lib/x86_64-linux-gnu/libc.so.6
unknown function (ip: 0x7fea1084fc9b) at /lib/x86_64-linux-gnu/libc.so.6
pthread_cond_wait at /lib/x86_64-linux-gnu/libc.so.6 (unknown line)
uv_cond_wait at /workspace/srcdir/libuv/src/unix/thread.c:822
ijl_task_get_next at /cache/build/tester-amdci4-14/julialang/julia-release-1-dot-12/src/scheduler.c:523
poptask at ./task.jl:1187
wait at ./task.jl:1199
#wait#398 at ./condition.jl:141
wait at ./condition.jl:136 [inlined]
_trywait at ./asyncevent.jl:185
profile_printing_listener at ./Base.jl:332
#start_profile_listener##0 at ./Base.jl:352
jfptr_YY.start_profile_listenerYY.YY.0_15858.1 at /usr/local/julia/lib/julia/sys.so (unknown line)
jl_apply at /cache/build/tester-amdci4-14/julialang/julia-release-1-dot-12/src/julia.h:2391 [inlined]
start_task at /cache/build/tester-amdci4-14/julialang/julia-release-1-dot-12/src/task.c:1249
unknown function (ip: (nil)) at (unknown file)
unknown function (ip: 0x7fea1085a9ee) at /lib/x86_64-linux-gnu/libc.so.6
unknown function (ip: 0x7fea1084f667) at /lib/x86_64-linux-gnu/libc.so.6
unknown function (ip: 0x7fea1084f6ac) at /lib/x86_64-linux-gnu/libc.so.6
epoll_pwait at /lib/x86_64-linux-gnu/libc.so.6 (unknown line)
uv__io_poll at /workspace/srcdir/libuv/src/unix/linux.c:1404
uv_run at /workspace/srcdir/libuv/src/unix/core.c:430
ijl_task_get_next at /cache/build/tester-amdci4-14/julialang/julia-release-1-dot-12/src/scheduler.c:457
poptask at ./task.jl:1187
wait at ./task.jl:1199
task_done_hook at ./task.jl:839
jfptr_task_done_hook_36828.1 at /usr/local/julia/lib/julia/sys.so (unknown line)
jl_apply at /cache/build/tester-amdci4-14/julialang/julia-release-1-dot-12/src/julia.h:2391 [inlined]
jl_finish_task at /cache/build/tester-amdci4-14/julialang/julia-release-1-dot-12/src/task.c:345
start_task at /cache/build/tester-amdci4-14/julialang/julia-release-1-dot-12/src/task.c:1260
unknown function (ip: (nil)) at (unknown file)
Allocations: 37752085 (Pool: 37749897; Big: 2188); GC: 104
Fatal Python error: _Py_CheckRecursiveCall: Unrecoverable stack overflow (used 716712 kB)
Python runtime state: initialized

Current thread 0x00007fea1079c180 [julia] (most recent call first):
  <no Python frame>

[1] signal 6 (-6): Aborted
in expression starting at /api/api.jl:29
unknown function (ip: 0x7fea1085495c) at /lib/x86_64-linux-gnu/libc.so.6
gsignal at /lib/x86_64-linux-gnu/libc.so.6 (unknown line)
abort at /lib/x86_64-linux-gnu/libc.so.6 (unknown line)
fatal_error_exit at /usr/local/src/conda/python-3.14.0/Python/pylifecycle.c:3250 [inlined]
fatal_error at /usr/local/src/conda/python-3.14.0/Python/pylifecycle.c:3396
_Py_FatalErrorFunc at /usr/local/src/conda/python-3.14.0/Python/pylifecycle.c:3482
_Py_CheckRecursiveCall at /usr/local/src/conda/python-3.14.0/Python/ceval.c:491
_Py_EnterRecursiveCallTstate at /usr/local/src/conda/python-3.14.0/Include/internal/pycore_ceval.h:216 [inlined]
method_enter_call at /usr/local/src/conda/python-3.14.0/Objects/descrobject.c:300 [inlined]
method_vectorcall_NOARGS at /usr/local/src/conda/python-3.14.0/Objects/descrobject.c:444
_PyObject_VectorcallTstate at /usr/local/src/conda/python-3.14.0/Include/internal/pycore_call.h:169 [inlined]
PyObject_VectorcallMethod at /usr/local/src/conda/python-3.14.0/Objects/call.c:856
PyObject_CallMethodNoArgs at /usr/local/src/conda/python-3.14.0/Include/cpython/abstract.h:65 [inlined]
_PyFile_Flush at /usr/local/src/conda/python-3.14.0/Objects/fileobject.c:542
flush_std_files at /usr/local/src/conda/python-3.14.0/Python/pylifecycle.c:1915
fatal_error at /usr/local/src/conda/python-3.14.0/Python/pylifecycle.c:3459
_Py_FatalErrorFunc at /usr/local/src/conda/python-3.14.0/Python/pylifecycle.c:3482
_Py_CheckRecursiveCall at /usr/local/src/conda/python-3.14.0/Python/ceval.c:491
_Py_EnterRecursiveCallTstate at /usr/local/src/conda/python-3.14.0/Include/internal/pycore_ceval.h:216 [inlined]
_PyEval_EvalFrameDefault at /usr/local/src/conda/python-3.14.0/Python/ceval.c:1020
_PyEval_EvalFrame at /usr/local/src/conda/python-3.14.0/Include/internal/pycore_ceval.h:119 [inlined]
_PyEval_Vector at /usr/local/src/conda/python-3.14.0/Python/ceval.c:1965 [inlined]
_PyFunction_Vectorcall at /usr/local/src/conda/python-3.14.0/Objects/call.c:413
_PyObject_VectorcallTstate at /usr/local/src/conda/python-3.14.0/Include/internal/pycore_call.h:169 [inlined]
PyObject_VectorcallMethod at /usr/local/src/conda/python-3.14.0/Objects/call.c:856
PyObject_CallMethodNoArgs at /usr/local/src/conda/python-3.14.0/Include/cpython/abstract.h:65 [inlined]
wait_for_thread_shutdown at /usr/local/src/conda/python-3.14.0/Python/pylifecycle.c:3557
_Py_Finalize at /usr/local/src/conda/python-3.14.0/Python/pylifecycle.c:2125
Py_FinalizeEx at /root/.julia/packages/PythonCall/mkWc2/src/C/pointers.jl:300 [inlined]
#init_context##3 at /root/.julia/packages/PythonCall/mkWc2/src/C/context.jl:208
unknown function (ip: 0x7fe9bb111aff) at (unknown file)
_atexit at ./initdefs.jl:464
unknown function (ip: 0x7fe9bb1118c4) at (unknown file)
jl_apply at /cache/build/tester-amdci4-14/julialang/julia-release-1-dot-12/src/julia.h:2391 [inlined]
ijl_atexit_hook at /cache/build/tester-amdci4-14/julialang/julia-release-1-dot-12/src/init.c:260
jl_exit_thread0_cb at /cache/build/tester-amdci4-14/julialang/julia-release-1-dot-12/src/signals-unix.c:564
Allocations: 37752085 (Pool: 37749897; Big: 2188); GC: 104
